<?xml version="1.0" encoding="UTF-8"?>
<!-- Generated by org.testng.reporters.JUnitReportReporter -->
<testsuite hostname="QT-INBG-LT0805" failures="0" tests="5" name="api.test.ReqresTest" time="5.608" errors="0" timestamp="2023-09-06T11:28:51 IST" skipped="0">
  <testcase classname="api.test.ReqresTest" name="testlistuser" time="2.721"/>
  <testcase classname="api.test.ReqresTest" name="testcreateuser" time="1.633"/>
  <testcase classname="api.test.ReqresTest" name="testupdate" time="0.435"/>
  <testcase classname="api.test.ReqresTest" name="deleteuser" time="0.400"/>
  <testcase classname="api.test.ReqresTest" name="registeruser" time="0.419"/>
</testsuite> <!-- api.test.ReqresTest -->
