<?xml version="1.0" encoding="UTF-8"?>
<!-- Generated by org.testng.reporters.JUnitReportReporter -->
<testsuite hostname="QT-INBG-LT0805" failures="0" tests="5" name="api.test.ReqresTest" time="5.555" errors="0" timestamp="2023-09-06T14:45:29 IST" skipped="0">
  <testcase classname="api.test.ReqresTest" name="testlistuser" time="2.479"/>
  <testcase classname="api.test.ReqresTest" name="testcreateuser" time="1.818"/>
  <testcase classname="api.test.ReqresTest" name="testupdate" time="0.432"/>
  <testcase classname="api.test.ReqresTest" name="deleteuser" time="0.421"/>
  <testcase classname="api.test.ReqresTest" name="registeruser" time="0.405"/>
</testsuite> <!-- api.test.ReqresTest -->
